<?xml version="1.0" encoding="UTF-8"?>
<!-- Generated by org.testng.reporters.JUnitReportReporter -->
<testsuite skipped="0" hostname="BTM-Faculty-PC" name="com.actitime.loginLib.VerifyActiLogin1" tests="2" failures="0" timestamp="13 Nov 2019 08:31:52 GMT" time="36.742" errors="0">
  <testcase name="verifyActiValidLoginTest" time="10.246" classname="com.actitime.loginLib.VerifyActiLogin1"/>
  <testcase name="verifyActiInvalidLoginTest" time="26.496" classname="com.actitime.loginLib.VerifyActiLogin1"/>
</testsuite> <!-- com.actitime.loginLib.VerifyActiLogin1 -->
