<?xml version="1.0" encoding="UTF-8"?>
<!-- Generated by org.testng.reporters.JUnitReportReporter -->
<testsuite skipped="0" hostname="DESKTOP-F10TQDQ" name="testng.Grouping" tests="5" failures="0" timestamp="12 Nov 2019 13:53:34 GMT" time="0.026" errors="0">
  <testcase name="createCust" time="0.012" classname="testng.Grouping"/>
  <testcase name="verifyCustPhoneTB" time="0.003" classname="testng.Grouping"/>
  <testcase name="verifyCustNameTB" time="0.005" classname="testng.Grouping"/>
  <testcase name="createProject" time="0.004" classname="testng.Grouping"/>
  <testcase name="editCustAndVerify" time="0.002" classname="testng.Grouping"/>
</testsuite> <!-- testng.Grouping -->
