<?xml version="1.0" encoding="UTF-8"?>
<!-- Generated by org.testng.reporters.JUnitReportReporter -->
<testsuite skipped="0" hostname="DESKTOP-F10TQDQ" name="testng.Demo11" tests="13" failures="0" timestamp="10 Nov 2019 12:39:03 GMT" time="0.064" errors="0">
  <testcase name="moon" time="0.004" classname="testng.Demo11"/>
  <testcase name="moon" time="0.004" classname="testng.Demo11"/>
  <testcase name="moon" time="0.004" classname="testng.Demo11"/>
  <testcase name="moon" time="0.012" classname="testng.Demo11"/>
  <testcase name="moon" time="0.004" classname="testng.Demo11"/>
  <testcase name="moon" time="0.008" classname="testng.Demo11"/>
  <testcase name="moon" time="0.000" classname="testng.Demo11"/>
  <testcase name="moon" time="0.012" classname="testng.Demo11"/>
  <testcase name="moon" time="0.004" classname="testng.Demo11"/>
  <testcase name="moon" time="0.004" classname="testng.Demo11"/>
  <testcase name="bun" time="0.004" classname="testng.Demo11"/>
  <testcase name="run" time="0.000" classname="testng.Demo11"/>
  <testcase name="gun" time="0.004" classname="testng.Demo11"/>
</testsuite> <!-- testng.Demo11 -->
