<?xml version="1.0" encoding="UTF-8"?>
<!-- Generated by org.testng.reporters.JUnitReportReporter -->
<testsuite skipped="0" hostname="DESKTOP-F10TQDQ" name="testng.Parallel2" tests="1" failures="0" timestamp="12 Nov 2019 14:53:11 GMT" time="6.622" errors="0">
  <testcase name="runChrome" time="6.622" classname="testng.Parallel2"/>
</testsuite> <!-- testng.Parallel2 -->
