<?xml version="1.0" encoding="UTF-8"?>
<!-- Generated by org.testng.reporters.JUnitReportReporter -->
<testsuite skipped="0" hostname="DESKTOP-F10TQDQ" name="testng.AnnTest2" tests="1" failures="0" timestamp="11 Nov 2019 13:03:40 GMT" time="0.007" errors="0">
  <testcase name="gun" time="0.007" classname="testng.AnnTest2"/>
</testsuite> <!-- testng.AnnTest2 -->
