<?xml version="1.0" encoding="UTF-8"?>
<!-- Generated by org.testng.reporters.JUnitReportReporter -->
<testsuite skipped="0" hostname="DESKTOP-F10TQDQ" name="testng.Demo1" tests="1" failures="0" timestamp="10 Nov 2019 12:47:40 GMT" time="0.013" errors="0">
  <testcase name="bun" time="0.013" classname="testng.Demo1"/>
</testsuite> <!-- testng.Demo1 -->
