<?xml version="1.0" encoding="UTF-8"?>
<!-- Generated by org.testng.reporters.JUnitReportReporter -->
<testsuite skipped="0" hostname="DESKTOP-F10TQDQ" name="testng.Parallel1" tests="2" failures="0" timestamp="12 Nov 2019 14:55:56 GMT" time="11.325" errors="0">
  <testcase name="runChrome" time="5.197" classname="testng.Parallel1"/>
  <testcase name="runChrome" time="6.128" classname="testng.Parallel1"/>
</testsuite> <!-- testng.Parallel1 -->
