<?xml version="1.0" encoding="UTF-8"?>
<!-- Generated by org.testng.reporters.JUnitReportReporter -->
<testsuite skipped="0" hostname="DESKTOP-F10TQDQ" name="testng.Sumo" tests="1" failures="0" timestamp="07 Feb 2020 10:17:02 GMT" time="0.002" errors="0">
  <testcase name="gun" time="0.002" classname="testng.Sumo"/>
</testsuite> <!-- testng.Sumo -->
