<?xml version="1.0" encoding="UTF-8"?>
<!-- Generated by org.testng.reporters.JUnitReportReporter -->
<testsuite skipped="0" hostname="DESKTOP-F10TQDQ" name="testng.DataParameterisation" tests="2" failures="0" timestamp="12 Nov 2019 14:36:56 GMT" time="0.015" errors="0">
  <testcase name="getCredentials" time="0.015" classname="testng.DataParameterisation"/>
  <testcase name="getCredentials" time="0.000" classname="testng.DataParameterisation"/>
</testsuite> <!-- testng.DataParameterisation -->
