<?xml version="1.0" encoding="UTF-8"?>
<!-- Generated by org.testng.reporters.JUnitReportReporter -->
<testsuite skipped="0" hostname="DESKTOP-F10TQDQ" name="testng.Demo" tests="1" failures="0" timestamp="07 Feb 2020 10:17:02 GMT" time="0.025" errors="0">
  <testcase name="rum" time="0.025" classname="testng.Demo"/>
</testsuite> <!-- testng.Demo -->
