<?xml version="1.0" encoding="UTF-8"?>
<!-- Generated by org.testng.reporters.JUnitReportReporter -->
<testsuite skipped="0" hostname="DESKTOP-F10TQDQ" name="testng.Parallel3" tests="1" failures="0" timestamp="12 Nov 2019 14:53:11 GMT" time="7.881" errors="0">
  <testcase name="runChrome" time="7.881" classname="testng.Parallel3"/>
</testsuite> <!-- testng.Parallel3 -->
