<?xml version="1.0" encoding="UTF-8"?>
<!-- Generated by org.testng.reporters.JUnitReportReporter -->
<testsuite skipped="0" hostname="DESKTOP-F10TQDQ" name="testng.DP" tests="2" failures="0" timestamp="12 Nov 2019 14:40:24 GMT" time="0.016" errors="0">
  <testcase name="getCredentials" time="0.016" classname="testng.DP"/>
  <testcase name="getCredentials" time="0.000" classname="testng.DP"/>
</testsuite> <!-- testng.DP -->
