<?xml version="1.0" encoding="UTF-8"?>
<!-- Generated by org.testng.reporters.JUnitReportReporter -->
<testsuite skipped="0" hostname="DESKTOP-F10TQDQ" name="testng.AnnTest1" tests="2" failures="0" timestamp="11 Nov 2019 13:01:40 GMT" time="0.013" errors="0">
  <testcase name="bun" time="0.007" classname="testng.AnnTest1"/>
  <testcase name="run" time="0.006" classname="testng.AnnTest1"/>
</testsuite> <!-- testng.AnnTest1 -->
