<?xml version="1.0" encoding="UTF-8"?>
<!-- Generated by org.testng.reporters.JUnitReportReporter -->
<testsuite skipped="0" hostname="DESKTOP-F10TQDQ" name="testng.Demo111" tests="4" failures="0" timestamp="11 Nov 2019 05:15:49 GMT" time="0.028" errors="0">
  <testcase name="run" time="0.003" classname="testng.Demo111"/>
  <testcase name="bun" time="0.019" classname="testng.Demo111"/>
  <testcase name="gun" time="0.003" classname="testng.Demo111"/>
  <testcase name="moon" time="0.003" classname="testng.Demo111"/>
</testsuite> <!-- testng.Demo111 -->
